Using pre-set license
Built from '2020.3/staging' branch; Version is '2020.3.3f1 (76626098c1c4) revision 7758432'; Using compiler version '192528614'; Build Type 'Release'
OS: 'Windows 10 Pro; OS build 19042.610; Version 2009; 64bit' Language: 'ru' Physical Memory: 16324 MB
BatchMode: 1, IsHumanControllingUs: 0, StartBugReporterOnCrash: 0, Is64bit: 1, IsPro: 0

 COMMAND LINE ARGUMENTS:
C:\Program Files\Unity\2020.3.3f1\Editor\Unity.exe
-adb2
-batchMode
-noUpm
-name
AssetImportWorker0
-projectPath
C:/Users/1/unity_work/Edu_game
-logFile
Logs/AssetImportWorker0.log
-srvPort
49448
Successfully changed project path to: C:/Users/1/unity_work/Edu_game
C:/Users/1/unity_work/Edu_game
Using Asset Import Pipeline V2.
Refreshing native plugins compatible for Editor in 34.70 ms, found 0 plugins.
Preloading 0 native plugins for Editor in 0.00 ms.
Initialize engine version: 2020.3.3f1 (76626098c1c4)
[Subsystems] Discovering subsystems at path C:/Program Files/Unity/2020.3.3f1/Editor/Data/Resources/UnitySubsystems
[Subsystems] Discovering subsystems at path C:/Users/1/unity_work/Edu_game/Assets
GfxDevice: creating device client; threaded=0
Direct3D:
    Version:  Direct3D 11.0 [level 11.1]
    Renderer: Radeon RX 5500 XT (ID=0x7340)
    Vendor:   
    VRAM:     8152 MB
    Driver:   27.20.2001.16003
Initialize mono
Mono path[0] = 'C:/Program Files/Unity/2020.3.3f1/Editor/Data/Managed'
Mono path[1] = 'C:/Program Files/Unity/2020.3.3f1/Editor/Data/MonoBleedingEdge/lib/mono/unityjit'
Mono config path = 'C:/Program Files/Unity/2020.3.3f1/Editor/Data/MonoBleedingEdge/etc'
Using monoOptions --debugger-agent=transport=dt_socket,embedding=1,server=y,suspend=n,address=127.0.0.1:56144
Begin MonoManager ReloadAssembly
Registering precompiled unity dll's ...
Register platform support module: C:/Program Files/Unity/2020.3.3f1/Editor/Data/PlaybackEngines/WindowsStandaloneSupport/UnityEditor.WindowsStandalone.Extensions.dll
Registered in 0.004857 seconds.
Native extension for WindowsStandalone target not found
Refreshing native plugins compatible for Editor in 35.38 ms, found 0 plugins.
Preloading 0 native plugins for Editor in 0.00 ms.
Invoked RoslynAnalysisRunner static constructor.
RoslynAnalysisRunner will not be running.
RoslynAnalysisRunner has terminated.
Mono: successfully reloaded assembly
- Completed reload, in  1.790 seconds
Platform modules already initialized, skipping
Registering precompiled user dll's ...
Registered in 0.000569 seconds.
Begin MonoManager ReloadAssembly
Native extension for WindowsStandalone target not found
Refreshing native plugins compatible for Editor in 0.36 ms, found 0 plugins.
Preloading 0 native plugins for Editor in 0.00 ms.
Invoked RoslynAnalysisRunner static constructor.
RoslynAnalysisRunner will not be running.
RoslynAnalysisRunner has terminated.
Mono: successfully reloaded assembly
- Completed reload, in  1.280 seconds
Platform modules already initialized, skipping
========================================================================
Worker process is ready to serve import requests
Launched and connected shader compiler UnityShaderCompiler.exe after 0.04 seconds
Refreshing native plugins compatible for Editor in 0.26 ms, found 0 plugins.
Preloading 0 native plugins for Editor in 0.00 ms.
Unloading 1116 Unused Serialized files (Serialized files now loaded: 0)
System memory in use before: 57.8 MB.
System memory in use after: 57.9 MB.

Unloading 10 unused Assets to reduce memory usage. Loaded Objects now: 1560.
Total: 1.947100 ms (FindLiveObjects: 0.157500 ms CreateObjectMapping: 0.049600 ms MarkObjects: 1.644400 ms  DeleteObjects: 0.094100 ms)

========================================================================
Received Prepare
Registering precompiled user dll's ...
Registered in 0.000862 seconds.
Begin MonoManager ReloadAssembly
Native extension for WindowsStandalone target not found
Refreshing native plugins compatible for Editor in 0.33 ms, found 0 plugins.
Preloading 0 native plugins for Editor in 0.00 ms.
Invoked RoslynAnalysisRunner static constructor.
RoslynAnalysisRunner will not be running.
RoslynAnalysisRunner has terminated.
Mono: successfully reloaded assembly
- Completed reload, in  1.130 seconds
Platform modules already initialized, skipping
Refreshing native plugins compatible for Editor in 0.42 ms, found 0 plugins.
Preloading 0 native plugins for Editor in 0.00 ms.
Unloading 1111 Unused Serialized files (Serialized files now loaded: 0)
System memory in use before: 57.8 MB.
System memory in use after: 57.8 MB.

Unloading 5 unused Assets to reduce memory usage. Loaded Objects now: 1563.
Total: 2.428300 ms (FindLiveObjects: 0.250600 ms CreateObjectMapping: 0.062800 ms MarkObjects: 2.046600 ms  DeleteObjects: 0.066300 ms)

========================================================================
Received Import Request.
  path: Assets/level_1/Scripts/Character.cs
  artifactKey: Guid(4d90285ac795f81469452648952da418) Importer(815301076,1909f56bfc062723c751e8b465ee728b)
Start importing Assets/level_1/Scripts/Character.cs using Guid(4d90285ac795f81469452648952da418) Importer(815301076,1909f56bfc062723c751e8b465ee728b)  -> (artifact id: 'df2cffcad05384ea8f323d87824f7c40') in 0.044842 seconds
  Import took 0.048107 seconds .

========================================================================
Received Import Request.
  Time since last request: 430.707757 seconds.
  path: Assets/level_1/Prefab/Bullet.prefab
  artifactKey: Guid(fe70933db7bfc8c438b4e01339f7dbd1) Importer(815301076,1909f56bfc062723c751e8b465ee728b)
Start importing Assets/level_1/Prefab/Bullet.prefab using Guid(fe70933db7bfc8c438b4e01339f7dbd1) Importer(815301076,1909f56bfc062723c751e8b465ee728b)  -> (artifact id: '2737b8b2d260ea4f37287d28edc845cf') in 0.155002 seconds
  Import took 0.158928 seconds .

========================================================================
Received Import Request.
  Time since last request: 10.418745 seconds.
  path: Assets/level_1/Scripts/Character.cs
  artifactKey: Guid(4d90285ac795f81469452648952da418) Importer(815301076,1909f56bfc062723c751e8b465ee728b)
Start importing Assets/level_1/Scripts/Character.cs using Guid(4d90285ac795f81469452648952da418) Importer(815301076,1909f56bfc062723c751e8b465ee728b)  -> (artifact id: 'bc1a3ea16f2c5f40f8e5ac2ee7a04bd4') in 0.001486 seconds
  Import took 0.003361 seconds .

========================================================================
Received Import Request.
  Time since last request: 0.002037 seconds.
  path: Assets/level_1/Scripts/Character.cs
  artifactKey: Guid(4d90285ac795f81469452648952da418) Importer(815301076,1909f56bfc062723c751e8b465ee728b)
Start importing Assets/level_1/Scripts/Character.cs using Guid(4d90285ac795f81469452648952da418) Importer(815301076,1909f56bfc062723c751e8b465ee728b)  -> (artifact id: 'bc1a3ea16f2c5f40f8e5ac2ee7a04bd4') in 0.001289 seconds
  Import took 0.002861 seconds .

========================================================================
Received Prepare
Registering precompiled user dll's ...
Registered in 0.000601 seconds.
Begin MonoManager ReloadAssembly
Native extension for WindowsStandalone target not found
Refreshing native plugins compatible for Editor in 0.60 ms, found 0 plugins.
Preloading 0 native plugins for Editor in 0.00 ms.
Invoked RoslynAnalysisRunner static constructor.
RoslynAnalysisRunner will not be running.
RoslynAnalysisRunner has terminated.
Mono: successfully reloaded assembly
- Completed reload, in  1.914 seconds
Platform modules already initialized, skipping
Refreshing native plugins compatible for Editor in 0.46 ms, found 0 plugins.
Preloading 0 native plugins for Editor in 0.00 ms.
Unloading 1111 Unused Serialized files (Serialized files now loaded: 0)
System memory in use before: 61.0 MB.
System memory in use after: 61.0 MB.

Unloading 5 unused Assets to reduce memory usage. Loaded Objects now: 1574.
Total: 3.938200 ms (FindLiveObjects: 0.271000 ms CreateObjectMapping: 0.123200 ms MarkObjects: 3.429700 ms  DeleteObjects: 0.112100 ms)

========================================================================
Received Prepare
Registering precompiled user dll's ...
Registered in 0.000767 seconds.
Begin MonoManager ReloadAssembly
Native extension for WindowsStandalone target not found
Refreshing native plugins compatible for Editor in 0.33 ms, found 0 plugins.
Preloading 0 native plugins for Editor in 0.00 ms.
Invoked RoslynAnalysisRunner static constructor.
RoslynAnalysisRunner will not be running.
RoslynAnalysisRunner has terminated.
Mono: successfully reloaded assembly
- Completed reload, in  1.578 seconds
Platform modules already initialized, skipping
Refreshing native plugins compatible for Editor in 0.61 ms, found 0 plugins.
Preloading 0 native plugins for Editor in 0.00 ms.
Unloading 1111 Unused Serialized files (Serialized files now loaded: 0)
System memory in use before: 61.0 MB.
System memory in use after: 61.0 MB.

Unloading 5 unused Assets to reduce memory usage. Loaded Objects now: 1577.
Total: 4.539400 ms (FindLiveObjects: 0.319100 ms CreateObjectMapping: 0.146700 ms MarkObjects: 3.943500 ms  DeleteObjects: 0.126700 ms)

========================================================================
Received Prepare
Registering precompiled user dll's ...
Registered in 0.000710 seconds.
Begin MonoManager ReloadAssembly
Native extension for WindowsStandalone target not found
Refreshing native plugins compatible for Editor in 0.53 ms, found 0 plugins.
Preloading 0 native plugins for Editor in 0.00 ms.
Invoked RoslynAnalysisRunner static constructor.
RoslynAnalysisRunner will not be running.
RoslynAnalysisRunner has terminated.
Mono: successfully reloaded assembly
- Completed reload, in  2.405 seconds
Platform modules already initialized, skipping
Refreshing native plugins compatible for Editor in 0.34 ms, found 0 plugins.
Preloading 0 native plugins for Editor in 0.00 ms.
Unloading 1111 Unused Serialized files (Serialized files now loaded: 0)
System memory in use before: 61.0 MB.
System memory in use after: 61.0 MB.

Unloading 5 unused Assets to reduce memory usage. Loaded Objects now: 1580.
Total: 4.329500 ms (FindLiveObjects: 0.270300 ms CreateObjectMapping: 0.132400 ms MarkObjects: 3.804400 ms  DeleteObjects: 0.118500 ms)

========================================================================
Received Import Request.
  Time since last request: 5900.840666 seconds.
  path: Assets/level_1/Scripts/Bullet.cs
  artifactKey: Guid(c9874ffede4fdc14485d7494cd608d87) Importer(815301076,1909f56bfc062723c751e8b465ee728b)
Start importing Assets/level_1/Scripts/Bullet.cs using Guid(c9874ffede4fdc14485d7494cd608d87) Importer(815301076,1909f56bfc062723c751e8b465ee728b)  -> (artifact id: '3e8bdb424c10d5916a3d21ce1bbb6d26') in 0.004027 seconds
  Import took 0.006142 seconds .

========================================================================
Received Prepare
Registering precompiled user dll's ...
Registered in 0.000698 seconds.
Begin MonoManager ReloadAssembly
Native extension for WindowsStandalone target not found
Refreshing native plugins compatible for Editor in 0.55 ms, found 0 plugins.
Preloading 0 native plugins for Editor in 0.00 ms.
Invoked RoslynAnalysisRunner static constructor.
RoslynAnalysisRunner will not be running.
RoslynAnalysisRunner has terminated.
Mono: successfully reloaded assembly
- Completed reload, in  1.400 seconds
Platform modules already initialized, skipping
Refreshing native plugins compatible for Editor in 0.59 ms, found 0 plugins.
Preloading 0 native plugins for Editor in 0.00 ms.
Unloading 1112 Unused Serialized files (Serialized files now loaded: 0)
System memory in use before: 61.0 MB.
System memory in use after: 61.1 MB.

Unloading 5 unused Assets to reduce memory usage. Loaded Objects now: 1584.
Total: 4.457100 ms (FindLiveObjects: 0.240300 ms CreateObjectMapping: 0.208000 ms MarkObjects: 3.874400 ms  DeleteObjects: 0.131900 ms)

========================================================================
Received Prepare
Registering precompiled user dll's ...
Registered in 0.000597 seconds.
Begin MonoManager ReloadAssembly
Native extension for WindowsStandalone target not found
Refreshing native plugins compatible for Editor in 0.35 ms, found 0 plugins.
Preloading 0 native plugins for Editor in 0.00 ms.
Invoked RoslynAnalysisRunner static constructor.
RoslynAnalysisRunner will not be running.
RoslynAnalysisRunner has terminated.
Mono: successfully reloaded assembly
- Completed reload, in  1.814 seconds
Platform modules already initialized, skipping
Refreshing native plugins compatible for Editor in 0.54 ms, found 0 plugins.
Preloading 0 native plugins for Editor in 0.00 ms.
Unloading 1112 Unused Serialized files (Serialized files now loaded: 0)
System memory in use before: 61.0 MB.
System memory in use after: 61.1 MB.

Unloading 5 unused Assets to reduce memory usage. Loaded Objects now: 1587.
Total: 4.550300 ms (FindLiveObjects: 0.269700 ms CreateObjectMapping: 0.134000 ms MarkObjects: 4.029000 ms  DeleteObjects: 0.114500 ms)

========================================================================
Received Import Request.
  Time since last request: 201.099170 seconds.
  path: Assets/level_1/Prefab/Bullet.prefab
  artifactKey: Guid(fe70933db7bfc8c438b4e01339f7dbd1) Importer(815301076,1909f56bfc062723c751e8b465ee728b)
Start importing Assets/level_1/Prefab/Bullet.prefab using Guid(fe70933db7bfc8c438b4e01339f7dbd1) Importer(815301076,1909f56bfc062723c751e8b465ee728b)  -> (artifact id: '000f394e6ef67dadfa6374b6196fce7a') in 0.089218 seconds
  Import took 0.091941 seconds .

========================================================================
Received Prepare
Registering precompiled user dll's ...
Registered in 0.000639 seconds.
Begin MonoManager ReloadAssembly
Native extension for WindowsStandalone target not found
Refreshing native plugins compatible for Editor in 0.32 ms, found 0 plugins.
Preloading 0 native plugins for Editor in 0.00 ms.
Invoked RoslynAnalysisRunner static constructor.
RoslynAnalysisRunner will not be running.
RoslynAnalysisRunner has terminated.
Mono: successfully reloaded assembly
- Completed reload, in  1.448 seconds
Platform modules already initialized, skipping
Refreshing native plugins compatible for Editor in 0.32 ms, found 0 plugins.
Preloading 0 native plugins for Editor in 0.00 ms.
Unloading 1112 Unused Serialized files (Serialized files now loaded: 0)
System memory in use before: 61.0 MB.
System memory in use after: 61.1 MB.

Unloading 5 unused Assets to reduce memory usage. Loaded Objects now: 1591.
Total: 2.000400 ms (FindLiveObjects: 0.228400 ms CreateObjectMapping: 0.054700 ms MarkObjects: 1.660600 ms  DeleteObjects: 0.054900 ms)

========================================================================
Received Prepare
Registering precompiled user dll's ...
Registered in 0.000586 seconds.
Begin MonoManager ReloadAssembly
Native extension for WindowsStandalone target not found
Refreshing native plugins compatible for Editor in 0.32 ms, found 0 plugins.
Preloading 0 native plugins for Editor in 0.00 ms.
Invoked RoslynAnalysisRunner static constructor.
RoslynAnalysisRunner will not be running.
RoslynAnalysisRunner has terminated.
Mono: successfully reloaded assembly
- Completed reload, in  1.497 seconds
Platform modules already initialized, skipping
Refreshing native plugins compatible for Editor in 0.57 ms, found 0 plugins.
Preloading 0 native plugins for Editor in 0.00 ms.
Unloading 1112 Unused Serialized files (Serialized files now loaded: 0)
System memory in use before: 61.0 MB.
System memory in use after: 61.1 MB.

Unloading 5 unused Assets to reduce memory usage. Loaded Objects now: 1594.
Total: 4.184800 ms (FindLiveObjects: 0.287400 ms CreateObjectMapping: 0.134700 ms MarkObjects: 3.642500 ms  DeleteObjects: 0.117100 ms)

========================================================================
Received Import Request.
  Time since last request: 3226.580054 seconds.
  path: Assets/level_1/Prefab/Bullet.prefab
  artifactKey: Guid(fe70933db7bfc8c438b4e01339f7dbd1) Importer(815301076,1909f56bfc062723c751e8b465ee728b)
Start importing Assets/level_1/Prefab/Bullet.prefab using Guid(fe70933db7bfc8c438b4e01339f7dbd1) Importer(815301076,1909f56bfc062723c751e8b465ee728b)  -> (artifact id: '851e840db8d0a9531d6a5193618c2eb2') in 0.180268 seconds
  Import took 0.185318 seconds .

========================================================================
Received Prepare
Registering precompiled user dll's ...
Registered in 0.000734 seconds.
Begin MonoManager ReloadAssembly
Native extension for WindowsStandalone target not found
Refreshing native plugins compatible for Editor in 0.60 ms, found 0 plugins.
Preloading 0 native plugins for Editor in 0.00 ms.
Invoked RoslynAnalysisRunner static constructor.
RoslynAnalysisRunner will not be running.
RoslynAnalysisRunner has terminated.
Mono: successfully reloaded assembly
- Completed reload, in  1.795 seconds
Platform modules already initialized, skipping
Refreshing native plugins compatible for Editor in 0.58 ms, found 0 plugins.
Preloading 0 native plugins for Editor in 0.00 ms.
Unloading 1112 Unused Serialized files (Serialized files now loaded: 0)
System memory in use before: 61.0 MB.
System memory in use after: 61.1 MB.

Unloading 5 unused Assets to reduce memory usage. Loaded Objects now: 1598.
Total: 2.462000 ms (FindLiveObjects: 0.238500 ms CreateObjectMapping: 0.091600 ms MarkObjects: 2.067400 ms  DeleteObjects: 0.062800 ms)

AssetImportWorkerClient::OnTransportError - code=2 error=End of file
